[JavaFX Application Thread] INFO com.sync.scheduler.SyncScheduler - Started automated sync cycle every 1 minute(s).
[pool-2-thread-1] INFO com.sync.scheduler.SyncScheduler - >>> Starting reconciliation sweep...
[pool-2-thread-1] INFO com.sync.scheduler.SyncScheduler - >>> Found 86 tables in local database.
[pool-2-thread-1] INFO com.sync.scheduler.SyncScheduler - >>> Registered all tables for sync monitoring.
[pool-2-thread-1] INFO com.sync.scheduler.SyncScheduler - >>> [PRIORITY] Processing Customer table now...
[pool-2-thread-1] INFO com.sync.scheduler.SyncScheduler - [customer] Info: No cloud flag column. Skipping reconciliation.
[pool-2-thread-1] INFO com.sync.scheduler.SyncScheduler - [account] Info: No cloud flag column. Skipping reconciliation.
[pool-2-thread-1] INFO com.sync.scheduler.SyncScheduler - [account_tr_type] Info: No cloud flag column. Skipping reconciliation.
[pool-2-thread-1] INFO com.sync.scheduler.SyncScheduler - [account_transaction] Info: No cloud flag column. Skipping reconciliation.
[pool-2-thread-1] INFO com.sync.scheduler.SyncScheduler - [accounts_period] Info: No cloud flag column. Skipping reconciliation.
[pool-2-thread-1] INFO com.sync.scheduler.SyncScheduler - [backup] Info: No cloud flag column. Skipping reconciliation.
[pool-2-thread-1] INFO com.sync.scheduler.SyncScheduler - [bin_card] Info: No cloud flag column. Skipping reconciliation.
[pool-2-thread-1] INFO com.sync.scheduler.SyncScheduler - [bincard] Info: No cloud flag column. Skipping reconciliation.
[pool-2-thread-1] INFO com.sync.scheduler.SyncScheduler - [bulk_product_details] Info: No cloud flag column. Skipping reconciliation.
[pool-2-thread-1] INFO com.sync.scheduler.SyncScheduler - [bulk_products] Info: No cloud flag column. Skipping reconciliation.
[pool-2-thread-1] INFO com.sync.scheduler.SyncScheduler - [change_log] Info: No cloud flag column. Skipping reconciliation.
[pool-2-thread-1] INFO com.sync.scheduler.SyncScheduler - [checklist] Info: No cloud flag column. Skipping reconciliation.
[pool-2-thread-1] INFO com.sync.scheduler.SyncScheduler - [cheque] Info: No cloud flag column. Skipping reconciliation.
[pool-2-thread-1] INFO com.sync.scheduler.SyncScheduler - [cloud_stock_price] Info: No cloud flag column. Skipping reconciliation.
[pool-2-thread-1] INFO com.sync.scheduler.SyncScheduler - [commition] Info: No cloud flag column. Skipping reconciliation.
[pool-2-thread-1] INFO com.sync.scheduler.SyncScheduler - [courior] Info: No cloud flag column. Skipping reconciliation.
[pool-2-thread-1] INFO com.sync.scheduler.SyncScheduler - [cus_credit] Info: No cloud flag column. Skipping reconciliation.
[pool-2-thread-1] INFO com.sync.scheduler.SyncScheduler - [customer_payments] Info: No cloud flag column. Skipping reconciliation.
[pool-2-thread-1] INFO com.sync.scheduler.SyncScheduler - [db] Info: No cloud flag column. Skipping reconciliation.
[pool-2-thread-1] INFO com.sync.scheduler.SyncScheduler - [gift_vouchers] Info: No cloud flag column. Skipping reconciliation.
[pool-2-thread-1] INFO com.sync.scheduler.SyncScheduler - [grn] Info: No cloud flag column. Skipping reconciliation.
[pool-2-thread-1] INFO com.sync.scheduler.SyncScheduler - [grn_has_item] Info: No cloud flag column. Skipping reconciliation.
[pool-2-thread-1] INFO com.sync.scheduler.SyncScheduler - [grn_main_item] Info: No cloud flag column. Skipping reconciliation.
[pool-2-thread-1] INFO com.sync.scheduler.SyncScheduler - [gsmdata] Info: No cloud flag column. Skipping reconciliation.
[pool-2-thread-1] INFO com.sync.scheduler.SyncScheduler - [images] Info: No cloud flag column. Skipping reconciliation.
[pool-2-thread-1] INFO com.sync.scheduler.SyncScheduler - [info] Info: No cloud flag column. Skipping reconciliation.
[pool-2-thread-1] INFO com.sync.scheduler.SyncScheduler - [invoice] Info: No cloud flag column. Skipping reconciliation.
[pool-2-thread-1] INFO com.sync.scheduler.SyncScheduler - [invoice_has_item] Info: No cloud flag column. Skipping reconciliation.
[pool-2-thread-1] INFO com.sync.scheduler.SyncScheduler - [invoice_has_main_item] Info: No cloud flag column. Skipping reconciliation.
[pool-2-thread-1] INFO com.sync.scheduler.SyncScheduler - [invoice_payments] Info: No cloud flag column. Skipping reconciliation.
[pool-2-thread-1] INFO com.sync.scheduler.SyncScheduler - [item] Info: No cloud flag column. Skipping reconciliation.
[pool-2-thread-1] INFO com.sync.scheduler.SyncScheduler - [job] Info: No cloud flag column. Skipping reconciliation.
[pool-2-thread-1] INFO com.sync.scheduler.SyncScheduler - [job-has_item] Info: No cloud flag column. Skipping reconciliation.
[pool-2-thread-1] INFO com.sync.scheduler.SyncScheduler - [job_chat] Info: No cloud flag column. Skipping reconciliation.
[pool-2-thread-1] INFO com.sync.scheduler.SyncScheduler - [job_has_checklist] Info: No cloud flag column. Skipping reconciliation.
[pool-2-thread-1] INFO com.sync.scheduler.SyncScheduler - [job_has_item] Info: No cloud flag column. Skipping reconciliation.
[pool-2-thread-1] INFO com.sync.scheduler.SyncScheduler - [job_has_main_item] Info: No cloud flag column. Skipping reconciliation.
[pool-2-thread-1] INFO com.sync.scheduler.SyncScheduler - [job_has_warranty_item] Info: No cloud flag column. Skipping reconciliation.
[pool-2-thread-1] INFO com.sync.scheduler.SyncScheduler - [log] Info: No cloud flag column. Skipping reconciliation.
[pool-2-thread-1] INFO com.sync.scheduler.SyncScheduler - [login] Info: No cloud flag column. Skipping reconciliation.
[pool-2-thread-1] INFO com.sync.scheduler.SyncScheduler - [main_category] Info: No cloud flag column. Skipping reconciliation.
[pool-2-thread-1] INFO com.sync.scheduler.SyncScheduler - [main_item] Info: No cloud flag column. Skipping reconciliation.
[pool-2-thread-1] INFO com.sync.scheduler.SyncScheduler - [main_item_bulk] Info: No cloud flag column. Skipping reconciliation.
[pool-2-thread-1] INFO com.sync.scheduler.SyncScheduler - [main_item_multiple] Info: No cloud flag column. Skipping reconciliation.
[pool-2-thread-1] INFO com.sync.scheduler.SyncScheduler - [og_invoices] Info: No cloud flag column. Skipping reconciliation.
[pool-2-thread-1] INFO com.sync.scheduler.SyncScheduler - [og_items] Info: No cloud flag column. Skipping reconciliation.
[pool-2-thread-1] INFO com.sync.scheduler.SyncScheduler - [paw_carat] Info: No cloud flag column. Skipping reconciliation.
[pool-2-thread-1] INFO com.sync.scheduler.SyncScheduler - [paw_customers] Info: No cloud flag column. Skipping reconciliation.
[pool-2-thread-1] INFO com.sync.scheduler.SyncScheduler - [paw_pawning_data] Info: No cloud flag column. Skipping reconciliation.
[pool-2-thread-1] INFO com.sync.scheduler.SyncScheduler - [paw_pawning_details] Info: No cloud flag column. Skipping reconciliation.
[pool-2-thread-1] INFO com.sync.scheduler.SyncScheduler - [paw_transactions] Info: No cloud flag column. Skipping reconciliation.
[pool-2-thread-1] INFO com.sync.scheduler.SyncScheduler - [payment_slips] Info: No cloud flag column. Skipping reconciliation.
[pool-2-thread-1] INFO com.sync.scheduler.SyncScheduler - [po] Info: No cloud flag column. Skipping reconciliation.
[pool-2-thread-1] INFO com.sync.scheduler.SyncScheduler - [po_items] Info: No cloud flag column. Skipping reconciliation.
[pool-2-thread-1] INFO com.sync.scheduler.SyncScheduler - [print_barcode] Info: No cloud flag column. Skipping reconciliation.
[pool-2-thread-1] INFO com.sync.scheduler.SyncScheduler - [prn] Info: No cloud flag column. Skipping reconciliation.
[pool-2-thread-1] INFO com.sync.scheduler.SyncScheduler - [qty_discount] Info: No cloud flag column. Skipping reconciliation.
[pool-2-thread-1] INFO com.sync.scheduler.SyncScheduler - [quotation] Info: No cloud flag column. Skipping reconciliation.
[pool-2-thread-1] INFO com.sync.scheduler.SyncScheduler - [quotation_has_main_item] Info: No cloud flag column. Skipping reconciliation.
[pool-2-thread-1] INFO com.sync.scheduler.SyncScheduler - [ramfiyo] Info: No cloud flag column. Skipping reconciliation.
[pool-2-thread-1] INFO com.sync.scheduler.SyncScheduler - [ret_grn_items] Info: No cloud flag column. Skipping reconciliation.
[pool-2-thread-1] INFO com.sync.scheduler.SyncScheduler - [ret_inv_items] Info: No cloud flag column. Skipping reconciliation.
[pool-2-thread-1] INFO com.sync.scheduler.SyncScheduler - [savecode] Info: No cloud flag column. Skipping reconciliation.
[pool-2-thread-1] INFO com.sync.scheduler.SyncScheduler - [services] Info: No cloud flag column. Skipping reconciliation.
[pool-2-thread-1] INFO com.sync.scheduler.SyncScheduler - [sheet1] Info: No cloud flag column. Skipping reconciliation.
[pool-2-thread-1] INFO com.sync.scheduler.SyncScheduler - [sms] Info: No cloud flag column. Skipping reconciliation.
[pool-2-thread-1] INFO com.sync.scheduler.SyncScheduler - [sms_contacts] Info: No cloud flag column. Skipping reconciliation.
[pool-2-thread-1] INFO com.sync.scheduler.SyncScheduler - [smssettings] Info: No cloud flag column. Skipping reconciliation.
[pool-2-thread-1] INFO com.sync.scheduler.SyncScheduler - [sprn] Info: No cloud flag column. Skipping reconciliation.
[pool-2-thread-1] INFO com.sync.scheduler.SyncScheduler - [stock_take] Info: No cloud flag column. Skipping reconciliation.
[pool-2-thread-1] INFO com.sync.scheduler.SyncScheduler - [stores_record] Info: No cloud flag column. Skipping reconciliation.
[pool-2-thread-1] INFO com.sync.scheduler.SyncScheduler - [supplier] Info: No cloud flag column. Skipping reconciliation.
[pool-2-thread-1] INFO com.sync.scheduler.SyncScheduler - [supplier_warranty] Info: No cloud flag column. Skipping reconciliation.
[pool-2-thread-1] INFO com.sync.scheduler.SyncScheduler - [systemdata] Info: No cloud flag column. Skipping reconciliation.
[pool-2-thread-1] INFO com.sync.scheduler.SyncScheduler - [sytemdata] Info: No cloud flag column. Skipping reconciliation.
[pool-2-thread-1] INFO com.sync.scheduler.SyncScheduler - [tech_inv_item] Info: No cloud flag column. Skipping reconciliation.
[pool-2-thread-1] INFO com.sync.scheduler.SyncScheduler - [tech_inv_main_item] Info: No cloud flag column. Skipping reconciliation.
[pool-2-thread-1] INFO com.sync.scheduler.SyncScheduler - [technical_invoice] Info: No cloud flag column. Skipping reconciliation.
[pool-2-thread-1] INFO com.sync.scheduler.SyncScheduler - [till] Info: No cloud flag column. Skipping reconciliation.
[pool-2-thread-1] INFO com.sync.scheduler.SyncScheduler - [transactions] Info: No cloud flag column. Skipping reconciliation.
[pool-2-thread-1] INFO com.sync.scheduler.SyncScheduler - [tt_master] Info: No cloud flag column. Skipping reconciliation.
[pool-2-thread-1] INFO com.sync.scheduler.SyncScheduler - [user] Info: No cloud flag column. Skipping reconciliation.
[pool-2-thread-1] INFO com.sync.scheduler.SyncScheduler - [user_has_job] Info: No cloud flag column. Skipping reconciliation.
[pool-2-thread-1] INFO com.sync.scheduler.SyncScheduler - [user_message] Info: No cloud flag column. Skipping reconciliation.
[pool-2-thread-1] INFO com.sync.scheduler.SyncScheduler - [vehicle] Info: No cloud flag column. Skipping reconciliation.
[pool-2-thread-1] INFO com.sync.scheduler.SyncScheduler - [z_itemlog] Info: No cloud flag column. Skipping reconciliation.
[pool-2-thread-1] INFO com.sync.scheduler.SyncScheduler - >>> Finished reconciliation sweep.
